<?xml version="1.0" encoding="UTF-8"?>
<testsuite xmlns:xsi="http://www.w3.org/2001/XMLSchema-instance" xsi:noNamespaceSchemaLocation="https://maven.apache.org/surefire/maven-surefire-plugin/xsd/surefire-test-report-3.0.xsd" version="3.0" name="com.ecommerce.controller.UserProfileControllerTest" time="0.247" tests="16" errors="0" skipped="0" failures="0">
  <properties>
[...]
</properties>
  <testcase name="testCreateUserProfile" classname="com.ecommerce.controller.UserProfileControllerTest" time="0.009">
    <system-out><![CDATA[2026-03-16T07:28:48.022Z  INFO 2666 --- [ecommerce] [           main] t.c.s.AnnotationConfigContextLoaderUtils : Could not detect default configuration classes for test class [com.ecommerce.controller.UserProfileControllerTest]: UserProfileControllerTest does not declare any static, non-private, non-final, nested classes annotated with @Configuration.
2026-03-16T07:28:48.026Z  INFO 2666 --- [ecommerce] [           main] .b.t.c.SpringBootTestContextBootstrapper : Found @SpringBootConfiguration com.ecommerce.ECommerceApp for test class com.ecommerce.controller.UserProfileControllerTest
2026-03-16T07:28:48.028Z  INFO 2666 --- [ecommerce] [           main] o.s.b.d.r.RestartApplicationListener     : Restart disabled due to context in which it is running

  .   ____          _            __ _ _
 /\\ / ___'_ __ _ _(_)_ __  __ _ \ \ \ \
( ( )\___ | '_ | '_| | '_ \/ _` | \ \ \ \
 \\/  ___)| |_)| | | | | || (_| |  ) ) ) )
  '  |____| .__|_| |_|_| |_\__, | / / / /
 =========|_|==============|___/=/_/_/_/
 :: Spring Boot ::                (v3.2.0)

2026-03-16T07:28:48.043Z  INFO 2666 --- [ecommerce] [           main] c.e.c.UserProfileControllerTest          : Starting UserProfileControllerTest using Java 21.0.8 with PID 2666 (started by root in /home/hossein/github-java/E-commerce-Platform-workshop/ecommerce)
2026-03-16T07:28:48.043Z DEBUG 2666 --- [ecommerce] [           main] c.e.c.UserProfileControllerTest          : Running with Spring Boot v3.2.0, Spring v6.1.1
2026-03-16T07:28:48.043Z  INFO 2666 --- [ecommerce] [           main] c.e.c.UserProfileControllerTest          : The following 1 profile is active: "dev"
2026-03-16T07:28:48.195Z DEBUG 2666 --- [ecommerce] [           main] c.ecommerce.exception.CachedBodyFilter   : Filter 'cachedBodyFilter' configured for use
2026-03-16T07:28:48.195Z  INFO 2666 --- [ecommerce] [           main] o.s.b.t.m.w.SpringBootMockServletContext : Initializing Spring TestDispatcherServlet ''
2026-03-16T07:28:48.195Z  INFO 2666 --- [ecommerce] [           main] o.s.t.web.servlet.TestDispatcherServlet  : Initializing Servlet ''
2026-03-16T07:28:48.195Z  INFO 2666 --- [ecommerce] [           main] o.s.t.web.servlet.TestDispatcherServlet  : Completed initialization in 0 ms
2026-03-16T07:28:48.199Z  INFO 2666 --- [ecommerce] [           main] c.e.c.UserProfileControllerTest          : Started UserProfileControllerTest in 0.171 seconds (process running for 3.635)
]]></system-out>
  </testcase>
  <testcase name="testUpdateUserProfileNotFound" classname="com.ecommerce.controller.UserProfileControllerTest" time="0.004"/>
  <testcase name="testGetProfilesWithBioNotFound" classname="com.ecommerce.controller.UserProfileControllerTest" time="0.003"/>
  <testcase name="testGetUserProfileByNicknameNotFound" classname="com.ecommerce.controller.UserProfileControllerTest" time="0.004"/>
  <testcase name="testGetProfilesByNicknamePrefixNotFound" classname="com.ecommerce.controller.UserProfileControllerTest" time="0.002"/>
  <testcase name="testGetProfilesWithBio" classname="com.ecommerce.controller.UserProfileControllerTest" time="0.004"/>
  <testcase name="testGetProfilesByNicknamePrefix" classname="com.ecommerce.controller.UserProfileControllerTest" time="0.003"/>
  <testcase name="testGetUserProfileById" classname="com.ecommerce.controller.UserProfileControllerTest" time="0.003"/>
  <testcase name="testGetUserProfileByIdNotFound" classname="com.ecommerce.controller.UserProfileControllerTest" time="0.003"/>
  <testcase name="testGetUserProfileByNickname" classname="com.ecommerce.controller.UserProfileControllerTest" time="0.003"/>
  <testcase name="testUpdateUserProfile" classname="com.ecommerce.controller.UserProfileControllerTest" time="0.003"/>
  <testcase name="testGetAllUserProfiles" classname="com.ecommerce.controller.UserProfileControllerTest" time="0.002"/>
  <testcase name="testSearchProfilesByPhoneNumberNotFound" classname="com.ecommerce.controller.UserProfileControllerTest" time="0.003"/>
  <testcase name="testDeleteUserProfile" classname="com.ecommerce.controller.UserProfileControllerTest" time="0.003"/>
  <testcase name="testSearchProfilesByPhoneNumber" classname="com.ecommerce.controller.UserProfileControllerTest" time="0.003"/>
  <testcase name="testCountProfilesByPhoneNumberPrefix" classname="com.ecommerce.controller.UserProfileControllerTest" time="0.003"/>
</testsuite>